{"C:\\Users\\alexi\\Desktop\\ESGICours\\CleanCode\\Flash-Cards-Backend\\src\\application\\services\\quizz.service.ts": {"path":"C:\\Users\\alexi\\Desktop\\ESGICours\\CleanCode\\Flash-Cards-Backend\\src\\application\\services\\quizz.service.ts","statementMap":{"0":{"start":{"line":10,"column":0},"end":{"line":10,"column":16}},"1":{"start":{"line":16,"column":0},"end":{"line":16,"column":16}},"2":{"start":{"line":23,"column":0},"end":{"line":23,"column":22}},"3":{"start":{"line":42,"column":0},"end":{"line":42,"column":22}},"4":{"start":{"line":3,"column":0},"end":{"line":3,"column":58}},"5":{"start":{"line":4,"column":0},"end":{"line":4,"column":79}},"6":{"start":{"line":5,"column":0},"end":{"line":5,"column":59}},"7":{"start":{"line":6,"column":0},"end":{"line":6,"column":67}},"8":{"start":{"line":7,"column":0},"end":{"line":7,"column":63}},"9":{"start":{"line":8,"column":0},"end":{"line":8,"column":70}},"10":{"start":{"line":11,"column":20},"end":{"line":11,"column":56}},"11":{"start":{"line":12,"column":26},"end":{"line":12,"column":68}},"12":{"start":{"line":13,"column":2},"end":{"line":13,"column":63}},"13":{"start":{"line":17,"column":19},"end":{"line":17,"column":133}},"14":{"start":{"line":17,"column":40},"end":{"line":17,"column":129}},"15":{"start":{"line":18,"column":23},"end":{"line":18,"column":64}},"16":{"start":{"line":19,"column":26},"end":{"line":19,"column":71}},"17":{"start":{"line":20,"column":2},"end":{"line":20,"column":31}},"18":{"start":{"line":24,"column":2},"end":{"line":39,"column":3}},"19":{"start":{"line":25,"column":18},"end":{"line":25,"column":52}},"20":{"start":{"line":27,"column":4},"end":{"line":29,"column":5}},"21":{"start":{"line":28,"column":6},"end":{"line":28,"column":46}},"22":{"start":{"line":31,"column":23},"end":{"line":31,"column":78}},"23":{"start":{"line":31,"column":46},"end":{"line":31,"column":77}},"24":{"start":{"line":32,"column":4},"end":{"line":32,"column":47}},"25":{"start":{"line":35,"column":4},"end":{"line":37,"column":5}},"26":{"start":{"line":36,"column":6},"end":{"line":36,"column":16}},"27":{"start":{"line":38,"column":4},"end":{"line":38,"column":46}},"28":{"start":{"line":43,"column":2},"end":{"line":66,"column":3}},"29":{"start":{"line":44,"column":23},"end":{"line":44,"column":63}},"30":{"start":{"line":45,"column":4},"end":{"line":47,"column":5}},"31":{"start":{"line":46,"column":6},"end":{"line":46,"column":51}},"32":{"start":{"line":49,"column":4},"end":{"line":51,"column":5}},"33":{"start":{"line":50,"column":6},"end":{"line":50,"column":46}},"34":{"start":{"line":53,"column":4},"end":{"line":53,"column":123}},"35":{"start":{"line":55,"column":4},"end":{"line":57,"column":5}},"36":{"start":{"line":56,"column":6},"end":{"line":56,"column":49}},"37":{"start":{"line":59,"column":4},"end":{"line":59,"column":77}},"38":{"start":{"line":62,"column":4},"end":{"line":64,"column":5}},"39":{"start":{"line":63,"column":6},"end":{"line":63,"column":16}},"40":{"start":{"line":65,"column":4},"end":{"line":65,"column":47}}},"fnMap":{"0":{"name":"isCardForToday","decl":{"start":{"line":10,"column":16},"end":{"line":10,"column":30}},"loc":{"start":{"line":10,"column":64},"end":{"line":14,"column":1}}},"1":{"name":"isQuizzTodayDone","decl":{"start":{"line":16,"column":16},"end":{"line":16,"column":32}},"loc":{"start":{"line":16,"column":69},"end":{"line":21,"column":1}}},"2":{"name":"(anonymous_10)","decl":{"start":{"line":17,"column":30},"end":{"line":17,"column":31}},"loc":{"start":{"line":17,"column":40},"end":{"line":17,"column":129}}},"3":{"name":"getCardsForTodayService","decl":{"start":{"line":23,"column":22},"end":{"line":23,"column":45}},"loc":{"start":{"line":23,"column":61},"end":{"line":40,"column":null}}},"4":{"name":"(anonymous_13)","decl":{"start":{"line":31,"column":36},"end":{"line":31,"column":37}},"loc":{"start":{"line":31,"column":46},"end":{"line":31,"column":77}}},"5":{"name":"awnserToCardService","decl":{"start":{"line":42,"column":22},"end":{"line":42,"column":41}},"loc":{"start":{"line":42,"column":74},"end":{"line":67,"column":null}}}},"branchMap":{"0":{"loc":{"start":{"line":18,"column":32},"end":{"line":18,"column":63}},"type":"cond-expr","locations":[{"start":{"line":18,"column":40},"end":{"line":18,"column":42}},{"start":{"line":18,"column":32},"end":{"line":18,"column":63}}]},"1":{"loc":{"start":{"line":18,"column":32},"end":{"line":18,"column":42}},"type":"binary-expr","locations":[{"start":{"line":18,"column":32},"end":{"line":18,"column":42}},{"start":{"line":18,"column":32},"end":{"line":18,"column":42}}]},"2":{"loc":{"start":{"line":27,"column":4},"end":{"line":29,"column":5}},"type":"if","locations":[{"start":{"line":27,"column":4},"end":{"line":29,"column":5}}]},"3":{"loc":{"start":{"line":35,"column":4},"end":{"line":37,"column":5}},"type":"if","locations":[{"start":{"line":35,"column":4},"end":{"line":37,"column":5}}]},"4":{"loc":{"start":{"line":45,"column":4},"end":{"line":47,"column":5}},"type":"if","locations":[{"start":{"line":45,"column":4},"end":{"line":47,"column":5}}]},"5":{"loc":{"start":{"line":49,"column":4},"end":{"line":51,"column":5}},"type":"if","locations":[{"start":{"line":49,"column":4},"end":{"line":51,"column":5}}]},"6":{"loc":{"start":{"line":53,"column":4},"end":{"line":53,"column":122}},"type":"cond-expr","locations":[{"start":{"line":53,"column":23},"end":{"line":53,"column":83}},{"start":{"line":53,"column":86},"end":{"line":53,"column":122}}]},"7":{"loc":{"start":{"line":55,"column":4},"end":{"line":57,"column":5}},"type":"if","locations":[{"start":{"line":55,"column":4},"end":{"line":57,"column":5}}]},"8":{"loc":{"start":{"line":62,"column":4},"end":{"line":64,"column":5}},"type":"if","locations":[{"start":{"line":62,"column":4},"end":{"line":64,"column":5}}]},"9":{"loc":{"start":{"line":62,"column":8},"end":{"line":62,"column":93}},"type":"binary-expr","locations":[{"start":{"line":62,"column":8},"end":{"line":62,"column":51}},{"start":{"line":62,"column":55},"end":{"line":62,"column":93}}]}},"s":{"0":1,"1":1,"2":1,"3":1,"4":1,"5":1,"6":1,"7":1,"8":1,"9":1,"10":17,"11":17,"12":17,"13":2,"14":10,"15":2,"16":2,"17":2,"18":0,"19":0,"20":0,"21":0,"22":0,"23":0,"24":0,"25":0,"26":0,"27":0,"28":0,"29":0,"30":0,"31":0,"32":0,"33":0,"34":0,"35":0,"36":0,"37":0,"38":0,"39":0,"40":0},"f":{"0":17,"1":2,"2":10,"3":0,"4":0,"5":0},"b":{"0":[0,2],"1":[2,2],"2":[0],"3":[0],"4":[0],"5":[0],"6":[0,0],"7":[0],"8":[0],"9":[0,0]}}
,"C:\\Users\\alexi\\Desktop\\ESGICours\\CleanCode\\Flash-Cards-Backend\\src\\domain\\validations\\card.validation.ts": {"path":"C:\\Users\\alexi\\Desktop\\ESGICours\\CleanCode\\Flash-Cards-Backend\\src\\domain\\validations\\card.validation.ts","statementMap":{"0":{"start":{"line":1,"column":0},"end":{"line":1,"column":22}},"1":{"start":{"line":2,"column":0},"end":{"line":2,"column":59}},"2":{"start":{"line":4,"column":23},"end":{"line":9,"column":2}},"3":{"start":{"line":11,"column":0},"end":{"line":11,"column":30}}},"fnMap":{},"branchMap":{},"s":{"0":1,"1":1,"2":1,"3":1},"f":{},"b":{}}
,"C:\\Users\\alexi\\Desktop\\ESGICours\\CleanCode\\Flash-Cards-Backend\\src\\domain\\validations\\user.validation.ts": {"path":"C:\\Users\\alexi\\Desktop\\ESGICours\\CleanCode\\Flash-Cards-Backend\\src\\domain\\validations\\user.validation.ts","statementMap":{"0":{"start":{"line":1,"column":0},"end":{"line":1,"column":22}},"1":{"start":{"line":3,"column":23},"end":{"line":7,"column":2}},"2":{"start":{"line":9,"column":0},"end":{"line":9,"column":30}}},"fnMap":{},"branchMap":{},"s":{"0":1,"1":1,"2":1},"f":{},"b":{}}
,"C:\\Users\\alexi\\Desktop\\ESGICours\\CleanCode\\Flash-Cards-Backend\\src\\domain\\value-objects\\category.ts": {"path":"C:\\Users\\alexi\\Desktop\\ESGICours\\CleanCode\\Flash-Cards-Backend\\src\\domain\\value-objects\\category.ts","statementMap":{"0":{"start":{"line":1,"column":0},"end":{"line":1,"column":null}},"1":{"start":{"line":2,"column":2},"end":{"line":2,"column":null}},"2":{"start":{"line":3,"column":2},"end":{"line":3,"column":null}},"3":{"start":{"line":4,"column":2},"end":{"line":4,"column":null}},"4":{"start":{"line":5,"column":2},"end":{"line":5,"column":null}},"5":{"start":{"line":6,"column":2},"end":{"line":6,"column":null}},"6":{"start":{"line":7,"column":2},"end":{"line":7,"column":null}},"7":{"start":{"line":8,"column":2},"end":{"line":8,"column":null}},"8":{"start":{"line":9,"column":2},"end":{"line":9,"column":null}},"9":{"start":{"line":14,"column":0},"end":{"line":14,"column":24}}},"fnMap":{"0":{"name":"(anonymous_0)","decl":{"start":{"line":1,"column":0},"end":{"line":1,"column":5}},"loc":{"start":{"line":1,"column":13},"end":{"line":10,"column":1}}}},"branchMap":{"0":{"loc":{"start":{"line":1,"column":5},"end":{"line":1,"column":null}},"type":"binary-expr","locations":[{"start":{"line":1,"column":5},"end":{"line":1,"column":13}},{"start":{"line":1,"column":5},"end":{"line":1,"column":null}}]}},"s":{"0":6,"1":6,"2":6,"3":6,"4":6,"5":6,"6":6,"7":6,"8":6,"9":6},"f":{"0":6},"b":{"0":[6,6]}}
,"C:\\Users\\alexi\\Desktop\\ESGICours\\CleanCode\\Flash-Cards-Backend\\src\\infrastructure\\database.ts": {"path":"C:\\Users\\alexi\\Desktop\\ESGICours\\CleanCode\\Flash-Cards-Backend\\src\\infrastructure\\database.ts","statementMap":{"0":{"start":{"line":1,"column":0},"end":{"line":1,"column":38}},"1":{"start":{"line":2,"column":0},"end":{"line":2,"column":28}},"2":{"start":{"line":4,"column":0},"end":{"line":4,"column":16}},"3":{"start":{"line":6,"column":21},"end":{"line":6,"column":56}},"4":{"start":{"line":7,"column":25},"end":{"line":7,"column":64}},"5":{"start":{"line":8,"column":25},"end":{"line":8,"column":64}},"6":{"start":{"line":9,"column":25},"end":{"line":9,"column":65}},"7":{"start":{"line":10,"column":21},"end":{"line":10,"column":70}},"8":{"start":{"line":12,"column":13},"end":{"line":26,"column":3}},"9":{"start":{"line":28,"column":29},"end":{"line":37,"column":2}},"10":{"start":{"line":28,"column":40},"end":{"line":37,"column":2}},"11":{"start":{"line":29,"column":2},"end":{"line":36,"column":3}},"12":{"start":{"line":30,"column":4},"end":{"line":30,"column":35}},"13":{"start":{"line":31,"column":4},"end":{"line":31,"column":27}},"14":{"start":{"line":32,"column":4},"end":{"line":32,"column":51}},"15":{"start":{"line":35,"column":4},"end":{"line":35,"column":49}},"16":{"start":{"line":28,"column":13},"end":{"line":28,"column":29}}},"fnMap":{"0":{"name":"(anonymous_8)","decl":{"start":{"line":28,"column":29},"end":{"line":28,"column":38}},"loc":{"start":{"line":28,"column":40},"end":{"line":37,"column":2}}},"1":{"name":"(anonymous_9)","decl":{"start":{"line":28,"column":40},"end":{"line":28,"column":null}},"loc":{"start":{"line":28,"column":40},"end":{"line":37,"column":1}}}},"branchMap":{},"s":{"0":6,"1":6,"2":6,"3":6,"4":6,"5":6,"6":6,"7":6,"8":6,"9":6,"10":0,"11":0,"12":0,"13":0,"14":0,"15":0,"16":6},"f":{"0":0,"1":0},"b":{}}
,"C:\\Users\\alexi\\Desktop\\ESGICours\\CleanCode\\Flash-Cards-Backend\\src\\infrastructure\\repositories\\card-user-data.repository.ts": {"path":"C:\\Users\\alexi\\Desktop\\ESGICours\\CleanCode\\Flash-Cards-Backend\\src\\infrastructure\\repositories\\card-user-data.repository.ts","statementMap":{"0":{"start":{"line":1,"column":0},"end":{"line":1,"column":66}},"1":{"start":{"line":9,"column":4},"end":{"line":11,"column":5}},"2":{"start":{"line":10,"column":6},"end":{"line":10,"column":69}},"3":{"start":{"line":12,"column":4},"end":{"line":12,"column":43}},"4":{"start":{"line":16,"column":4},"end":{"line":21,"column":5}},"5":{"start":{"line":17,"column":6},"end":{"line":17,"column":58}},"6":{"start":{"line":20,"column":6},"end":{"line":20,"column":62}},"7":{"start":{"line":25,"column":0},"end":{"line":25,"column":52}}},"fnMap":{"0":{"name":"(anonymous_8)","decl":{"start":{"line":6,"column":2},"end":{"line":6,"column":26}},"loc":{"start":{"line":6,"column":2},"end":{"line":6,"column":27}}},"1":{"name":"(anonymous_9)","decl":{"start":{"line":8,"column":9},"end":{"line":8,"column":15}},"loc":{"start":{"line":8,"column":27},"end":{"line":13,"column":3}}},"2":{"name":"(anonymous_10)","decl":{"start":{"line":15,"column":15},"end":{"line":15,"column":37}},"loc":{"start":{"line":15,"column":68},"end":{"line":22,"column":null}}}},"branchMap":{"0":{"loc":{"start":{"line":9,"column":4},"end":{"line":11,"column":5}},"type":"if","locations":[{"start":{"line":9,"column":4},"end":{"line":11,"column":5}}]}},"s":{"0":1,"1":1,"2":1,"3":1,"4":8,"5":8,"6":8,"7":1},"f":{"0":1,"1":1,"2":8},"b":{"0":[1]}}
,"C:\\Users\\alexi\\Desktop\\ESGICours\\CleanCode\\Flash-Cards-Backend\\src\\infrastructure\\repositories\\card.repository.ts": {"path":"C:\\Users\\alexi\\Desktop\\ESGICours\\CleanCode\\Flash-Cards-Backend\\src\\infrastructure\\repositories\\card.repository.ts","statementMap":{"0":{"start":{"line":1,"column":0},"end":{"line":1,"column":31}},"1":{"start":{"line":2,"column":0},"end":{"line":2,"column":48}},"2":{"start":{"line":10,"column":4},"end":{"line":12,"column":5}},"3":{"start":{"line":11,"column":6},"end":{"line":11,"column":53}},"4":{"start":{"line":13,"column":4},"end":{"line":13,"column":35}},"5":{"start":{"line":17,"column":4},"end":{"line":23,"column":5}},"6":{"start":{"line":18,"column":6},"end":{"line":20,"column":9}},"7":{"start":{"line":22,"column":6},"end":{"line":22,"column":46}},"8":{"start":{"line":27,"column":4},"end":{"line":31,"column":5}},"9":{"start":{"line":28,"column":6},"end":{"line":28,"column":47}},"10":{"start":{"line":30,"column":6},"end":{"line":30,"column":51}},"11":{"start":{"line":35,"column":4},"end":{"line":39,"column":5}},"12":{"start":{"line":36,"column":6},"end":{"line":36,"column":58}},"13":{"start":{"line":38,"column":6},"end":{"line":38,"column":43}},"14":{"start":{"line":43,"column":4},"end":{"line":52,"column":5}},"15":{"start":{"line":44,"column":19},"end":{"line":44,"column":52}},"16":{"start":{"line":45,"column":6},"end":{"line":47,"column":7}},"17":{"start":{"line":46,"column":8},"end":{"line":46,"column":53}},"18":{"start":{"line":48,"column":6},"end":{"line":48,"column":37}},"19":{"start":{"line":49,"column":6},"end":{"line":49,"column":18}},"20":{"start":{"line":51,"column":6},"end":{"line":51,"column":44}},"21":{"start":{"line":56,"column":4},"end":{"line":66,"column":5}},"22":{"start":{"line":57,"column":19},"end":{"line":57,"column":52}},"23":{"start":{"line":58,"column":6},"end":{"line":60,"column":7}},"24":{"start":{"line":59,"column":8},"end":{"line":59,"column":53}},"25":{"start":{"line":61,"column":23},"end":{"line":61,"column":31}},"26":{"start":{"line":62,"column":6},"end":{"line":62,"column":57}},"27":{"start":{"line":63,"column":6},"end":{"line":63,"column":62}},"28":{"start":{"line":65,"column":6},"end":{"line":65,"column":44}},"29":{"start":{"line":70,"column":0},"end":{"line":70,"column":44}}},"fnMap":{"0":{"name":"(anonymous_8)","decl":{"start":{"line":7,"column":2},"end":{"line":7,"column":26}},"loc":{"start":{"line":7,"column":2},"end":{"line":7,"column":27}}},"1":{"name":"(anonymous_9)","decl":{"start":{"line":9,"column":9},"end":{"line":9,"column":15}},"loc":{"start":{"line":9,"column":27},"end":{"line":14,"column":3}}},"2":{"name":"(anonymous_10)","decl":{"start":{"line":16,"column":15},"end":{"line":16,"column":26}},"loc":{"start":{"line":16,"column":42},"end":{"line":24,"column":null}}},"3":{"name":"(anonymous_12)","decl":{"start":{"line":26,"column":15},"end":{"line":26,"column":26}},"loc":{"start":{"line":26,"column":41},"end":{"line":32,"column":null}}},"4":{"name":"(anonymous_14)","decl":{"start":{"line":34,"column":15},"end":{"line":34,"column":22}},"loc":{"start":{"line":34,"column":52},"end":{"line":40,"column":null}}},"5":{"name":"(anonymous_16)","decl":{"start":{"line":42,"column":15},"end":{"line":42,"column":23}},"loc":{"start":{"line":42,"column":72},"end":{"line":53,"column":null}}},"6":{"name":"(anonymous_18)","decl":{"start":{"line":55,"column":15},"end":{"line":55,"column":28}},"loc":{"start":{"line":55,"column":43},"end":{"line":67,"column":null}}}},"branchMap":{"0":{"loc":{"start":{"line":10,"column":4},"end":{"line":12,"column":5}},"type":"if","locations":[{"start":{"line":10,"column":4},"end":{"line":12,"column":5}}]},"1":{"loc":{"start":{"line":19,"column":15},"end":{"line":19,"column":53}},"type":"cond-expr","locations":[{"start":{"line":19,"column":22},"end":{"line":19,"column":48}},{"start":{"line":19,"column":51},"end":{"line":19,"column":53}}]},"2":{"loc":{"start":{"line":45,"column":6},"end":{"line":47,"column":7}},"type":"if","locations":[{"start":{"line":45,"column":6},"end":{"line":47,"column":7}}]},"3":{"loc":{"start":{"line":58,"column":6},"end":{"line":60,"column":7}},"type":"if","locations":[{"start":{"line":58,"column":6},"end":{"line":60,"column":7}}]}},"s":{"0":2,"1":2,"2":2,"3":2,"4":2,"5":0,"6":0,"7":0,"8":0,"9":0,"10":0,"11":15,"12":15,"13":15,"14":0,"15":0,"16":0,"17":0,"18":0,"19":0,"20":0,"21":0,"22":0,"23":0,"24":0,"25":0,"26":0,"27":0,"28":0,"29":2},"f":{"0":2,"1":2,"2":0,"3":0,"4":15,"5":0,"6":0},"b":{"0":[2],"1":[0,0],"2":[0],"3":[0]}}
,"C:\\Users\\alexi\\Desktop\\ESGICours\\CleanCode\\Flash-Cards-Backend\\src\\infrastructure\\repositories\\user.repository.ts": {"path":"C:\\Users\\alexi\\Desktop\\ESGICours\\CleanCode\\Flash-Cards-Backend\\src\\infrastructure\\repositories\\user.repository.ts","statementMap":{"0":{"start":{"line":1,"column":0},"end":{"line":1,"column":48}},"1":{"start":{"line":9,"column":4},"end":{"line":11,"column":5}},"2":{"start":{"line":10,"column":6},"end":{"line":10,"column":53}},"3":{"start":{"line":12,"column":4},"end":{"line":12,"column":35}},"4":{"start":{"line":16,"column":4},"end":{"line":20,"column":5}},"5":{"start":{"line":17,"column":6},"end":{"line":17,"column":40}},"6":{"start":{"line":19,"column":6},"end":{"line":19,"column":46}},"7":{"start":{"line":24,"column":4},"end":{"line":28,"column":5}},"8":{"start":{"line":25,"column":6},"end":{"line":25,"column":43}},"9":{"start":{"line":27,"column":6},"end":{"line":27,"column":51}},"10":{"start":{"line":32,"column":4},"end":{"line":36,"column":5}},"11":{"start":{"line":33,"column":6},"end":{"line":33,"column":60}},"12":{"start":{"line":35,"column":6},"end":{"line":35,"column":54}},"13":{"start":{"line":40,"column":4},"end":{"line":44,"column":5}},"14":{"start":{"line":41,"column":6},"end":{"line":41,"column":47}},"15":{"start":{"line":43,"column":6},"end":{"line":43,"column":43}},"16":{"start":{"line":48,"column":0},"end":{"line":48,"column":44}}},"fnMap":{"0":{"name":"(anonymous_8)","decl":{"start":{"line":6,"column":2},"end":{"line":6,"column":26}},"loc":{"start":{"line":6,"column":2},"end":{"line":6,"column":27}}},"1":{"name":"(anonymous_9)","decl":{"start":{"line":8,"column":9},"end":{"line":8,"column":15}},"loc":{"start":{"line":8,"column":27},"end":{"line":13,"column":3}}},"2":{"name":"(anonymous_10)","decl":{"start":{"line":15,"column":15},"end":{"line":15,"column":26}},"loc":{"start":{"line":15,"column":26},"end":{"line":21,"column":null}}},"3":{"name":"(anonymous_12)","decl":{"start":{"line":23,"column":15},"end":{"line":23,"column":26}},"loc":{"start":{"line":23,"column":37},"end":{"line":29,"column":null}}},"4":{"name":"(anonymous_14)","decl":{"start":{"line":31,"column":15},"end":{"line":31,"column":25}},"loc":{"start":{"line":31,"column":39},"end":{"line":37,"column":null}}},"5":{"name":"(anonymous_16)","decl":{"start":{"line":39,"column":15},"end":{"line":39,"column":22}},"loc":{"start":{"line":39,"column":52},"end":{"line":45,"column":null}}}},"branchMap":{"0":{"loc":{"start":{"line":9,"column":4},"end":{"line":11,"column":5}},"type":"if","locations":[{"start":{"line":9,"column":4},"end":{"line":11,"column":5}}]}},"s":{"0":1,"1":1,"2":1,"3":1,"4":0,"5":0,"6":0,"7":0,"8":0,"9":0,"10":0,"11":0,"12":0,"13":14,"14":14,"15":14,"16":1},"f":{"0":1,"1":1,"2":0,"3":0,"4":0,"5":14},"b":{"0":[1]}}
,"C:\\Users\\alexi\\Desktop\\ESGICours\\CleanCode\\Flash-Cards-Backend\\src\\infrastructure\\schemas\\card-user-data.schema.ts": {"path":"C:\\Users\\alexi\\Desktop\\ESGICours\\CleanCode\\Flash-Cards-Backend\\src\\infrastructure\\schemas\\card-user-data.schema.ts","statementMap":{"0":{"start":{"line":1,"column":0},"end":{"line":1,"column":45}},"1":{"start":{"line":2,"column":0},"end":{"line":2,"column":40}},"2":{"start":{"line":3,"column":0},"end":{"line":3,"column":39}},"3":{"start":{"line":4,"column":0},"end":{"line":4,"column":39}},"4":{"start":{"line":11,"column":0},"end":{"line":39,"column":3}},"5":{"start":{"line":41,"column":0},"end":{"line":45,"column":3}},"6":{"start":{"line":47,"column":0},"end":{"line":51,"column":3}},"7":{"start":{"line":53,"column":0},"end":{"line":53,"column":34}}},"fnMap":{},"branchMap":{},"s":{"0":1,"1":1,"2":1,"3":1,"4":1,"5":1,"6":1,"7":1},"f":{},"b":{}}
,"C:\\Users\\alexi\\Desktop\\ESGICours\\CleanCode\\Flash-Cards-Backend\\src\\infrastructure\\schemas\\card.schema.ts": {"path":"C:\\Users\\alexi\\Desktop\\ESGICours\\CleanCode\\Flash-Cards-Backend\\src\\infrastructure\\schemas\\card.schema.ts","statementMap":{"0":{"start":{"line":1,"column":0},"end":{"line":1,"column":45}},"1":{"start":{"line":2,"column":0},"end":{"line":2,"column":40}},"2":{"start":{"line":3,"column":0},"end":{"line":3,"column":59}},"3":{"start":{"line":15,"column":0},"end":{"line":90,"column":3}},"4":{"start":{"line":92,"column":0},"end":{"line":92,"column":26}}},"fnMap":{},"branchMap":{},"s":{"0":4,"1":4,"2":4,"3":4,"4":4},"f":{},"b":{}}
,"C:\\Users\\alexi\\Desktop\\ESGICours\\CleanCode\\Flash-Cards-Backend\\src\\infrastructure\\schemas\\user.schema.ts": {"path":"C:\\Users\\alexi\\Desktop\\ESGICours\\CleanCode\\Flash-Cards-Backend\\src\\infrastructure\\schemas\\user.schema.ts","statementMap":{"0":{"start":{"line":1,"column":0},"end":{"line":1,"column":45}},"1":{"start":{"line":2,"column":0},"end":{"line":2,"column":40}},"2":{"start":{"line":13,"column":0},"end":{"line":76,"column":3}},"3":{"start":{"line":78,"column":0},"end":{"line":78,"column":26}}},"fnMap":{},"branchMap":{},"s":{"0":3,"1":3,"2":3,"3":3},"f":{},"b":{}}
,"C:\\Users\\alexi\\Desktop\\ESGICours\\CleanCode\\Flash-Cards-Backend\\src\\shared\\mappers\\card.mapper.ts": {"path":"C:\\Users\\alexi\\Desktop\\ESGICours\\CleanCode\\Flash-Cards-Backend\\src\\shared\\mappers\\card.mapper.ts","statementMap":{"0":{"start":{"line":1,"column":0},"end":{"line":1,"column":66}},"1":{"start":{"line":4,"column":19},"end":{"line":32,"column":2}},"2":{"start":{"line":6,"column":4},"end":{"line":12,"column":6}},"3":{"start":{"line":16,"column":4},"end":{"line":16,"column":42}},"4":{"start":{"line":20,"column":4},"end":{"line":26,"column":7}},"5":{"start":{"line":30,"column":4},"end":{"line":30,"column":65}},"6":{"start":{"line":30,"column":43},"end":{"line":30,"column":62}},"7":{"start":{"line":34,"column":0},"end":{"line":34,"column":26}}},"fnMap":{"0":{"name":"(anonymous_8)","decl":{"start":{"line":5,"column":2},"end":{"line":5,"column":10}},"loc":{"start":{"line":5,"column":33},"end":{"line":13,"column":3}}},"1":{"name":"(anonymous_9)","decl":{"start":{"line":15,"column":2},"end":{"line":15,"column":14}},"loc":{"start":{"line":15,"column":40},"end":{"line":17,"column":3}}},"2":{"name":"(anonymous_10)","decl":{"start":{"line":19,"column":8},"end":{"line":19,"column":16}},"loc":{"start":{"line":19,"column":27},"end":{"line":27,"column":null}}},"3":{"name":"(anonymous_12)","decl":{"start":{"line":29,"column":8},"end":{"line":29,"column":20}},"loc":{"start":{"line":29,"column":34},"end":{"line":31,"column":null}}},"4":{"name":"(anonymous_14)","decl":{"start":{"line":30,"column":33},"end":{"line":30,"column":34}},"loc":{"start":{"line":30,"column":43},"end":{"line":30,"column":62}}}},"branchMap":{},"s":{"0":2,"1":2,"2":4,"3":1,"4":4,"5":1,"6":3,"7":2},"f":{"0":4,"1":1,"2":4,"3":1,"4":3},"b":{}}
,"C:\\Users\\alexi\\Desktop\\ESGICours\\CleanCode\\Flash-Cards-Backend\\src\\shared\\mappers\\user.mapper.ts": {"path":"C:\\Users\\alexi\\Desktop\\ESGICours\\CleanCode\\Flash-Cards-Backend\\src\\shared\\mappers\\user.mapper.ts","statementMap":{"0":{"start":{"line":1,"column":0},"end":{"line":1,"column":66}},"1":{"start":{"line":4,"column":19},"end":{"line":30,"column":2}},"2":{"start":{"line":6,"column":4},"end":{"line":11,"column":6}},"3":{"start":{"line":15,"column":4},"end":{"line":15,"column":42}},"4":{"start":{"line":19,"column":4},"end":{"line":24,"column":7}},"5":{"start":{"line":28,"column":4},"end":{"line":28,"column":65}},"6":{"start":{"line":28,"column":43},"end":{"line":28,"column":62}},"7":{"start":{"line":32,"column":0},"end":{"line":32,"column":26}}},"fnMap":{"0":{"name":"(anonymous_8)","decl":{"start":{"line":5,"column":2},"end":{"line":5,"column":10}},"loc":{"start":{"line":5,"column":33},"end":{"line":12,"column":3}}},"1":{"name":"(anonymous_9)","decl":{"start":{"line":14,"column":2},"end":{"line":14,"column":14}},"loc":{"start":{"line":14,"column":40},"end":{"line":16,"column":3}}},"2":{"name":"(anonymous_10)","decl":{"start":{"line":18,"column":8},"end":{"line":18,"column":16}},"loc":{"start":{"line":18,"column":27},"end":{"line":25,"column":null}}},"3":{"name":"(anonymous_12)","decl":{"start":{"line":27,"column":8},"end":{"line":27,"column":20}},"loc":{"start":{"line":27,"column":34},"end":{"line":29,"column":null}}},"4":{"name":"(anonymous_14)","decl":{"start":{"line":28,"column":33},"end":{"line":28,"column":34}},"loc":{"start":{"line":28,"column":43},"end":{"line":28,"column":62}}}},"branchMap":{},"s":{"0":1,"1":1,"2":4,"3":1,"4":4,"5":1,"6":3,"7":1},"f":{"0":4,"1":1,"2":4,"3":1,"4":3},"b":{}}
,"C:\\Users\\alexi\\Desktop\\ESGICours\\CleanCode\\Flash-Cards-Backend\\src\\shared\\utils\\category-utils.ts": {"path":"C:\\Users\\alexi\\Desktop\\ESGICours\\CleanCode\\Flash-Cards-Backend\\src\\shared\\utils\\category-utils.ts","statementMap":{"0":{"start":{"line":1,"column":0},"end":{"line":1,"column":59}},"1":{"start":{"line":3,"column":27},"end":{"line":30,"column":1}},"2":{"start":{"line":4,"column":2},"end":{"line":29,"column":3}},"3":{"start":{"line":6,"column":6},"end":{"line":6,"column":15}},"4":{"start":{"line":9,"column":6},"end":{"line":9,"column":15}},"5":{"start":{"line":12,"column":6},"end":{"line":12,"column":15}},"6":{"start":{"line":15,"column":6},"end":{"line":15,"column":15}},"7":{"start":{"line":18,"column":6},"end":{"line":18,"column":16}},"8":{"start":{"line":21,"column":6},"end":{"line":21,"column":16}},"9":{"start":{"line":24,"column":6},"end":{"line":24,"column":16}},"10":{"start":{"line":27,"column":6},"end":{"line":27,"column":23}},"11":{"start":{"line":32,"column":33},"end":{"line":39,"column":1}},"12":{"start":{"line":33,"column":2},"end":{"line":35,"column":3}},"13":{"start":{"line":34,"column":4},"end":{"line":34,"column":25}},"14":{"start":{"line":36,"column":24},"end":{"line":36,"column":102}},"15":{"start":{"line":36,"column":76},"end":{"line":36,"column":101}},"16":{"start":{"line":37,"column":2},"end":{"line":37,"column":48}},"17":{"start":{"line":38,"column":2},"end":{"line":38,"column":18}},"18":{"start":{"line":32,"column":13},"end":{"line":32,"column":33}},"19":{"start":{"line":41,"column":0},"end":{"line":41,"column":34}}},"fnMap":{"0":{"name":"(anonymous_1)","decl":{"start":{"line":3,"column":27},"end":{"line":3,"column":28}},"loc":{"start":{"line":3,"column":70},"end":{"line":30,"column":1}}},"1":{"name":"(anonymous_2)","decl":{"start":{"line":32,"column":33},"end":{"line":32,"column":34}},"loc":{"start":{"line":32,"column":66},"end":{"line":39,"column":1}}},"2":{"name":"(anonymous_3)","decl":{"start":{"line":36,"column":58},"end":{"line":36,"column":59}},"loc":{"start":{"line":36,"column":76},"end":{"line":36,"column":101}}}},"branchMap":{"0":{"loc":{"start":{"line":4,"column":2},"end":{"line":29,"column":3}},"type":"switch","locations":[{"start":{"line":5,"column":4},"end":{"line":7,"column":5}},{"start":{"line":8,"column":4},"end":{"line":10,"column":5}},{"start":{"line":11,"column":4},"end":{"line":13,"column":5}},{"start":{"line":14,"column":4},"end":{"line":16,"column":5}},{"start":{"line":17,"column":4},"end":{"line":19,"column":5}},{"start":{"line":20,"column":4},"end":{"line":22,"column":5}},{"start":{"line":23,"column":4},"end":{"line":25,"column":5}},{"start":{"line":26,"column":4},"end":{"line":28,"column":5}}]},"1":{"loc":{"start":{"line":33,"column":2},"end":{"line":35,"column":3}},"type":"if","locations":[{"start":{"line":33,"column":2},"end":{"line":35,"column":3}}]}},"s":{"0":2,"1":2,"2":17,"3":3,"4":2,"5":2,"6":2,"7":2,"8":2,"9":2,"10":2,"11":2,"12":8,"13":1,"14":7,"15":28,"16":7,"17":7,"18":2,"19":2},"f":{"0":17,"1":8,"2":28},"b":{"0":[3,2,2,2,2,2,2,2],"1":[1]}}
,"C:\\Users\\alexi\\Desktop\\ESGICours\\CleanCode\\Flash-Cards-Backend\\src\\shared\\utils\\date.ts": {"path":"C:\\Users\\alexi\\Desktop\\ESGICours\\CleanCode\\Flash-Cards-Backend\\src\\shared\\utils\\date.ts","statementMap":{"0":{"start":{"line":1,"column":0},"end":{"line":1,"column":16}},"1":{"start":{"line":3,"column":16},"end":{"line":3,"column":92}},"2":{"start":{"line":4,"column":14},"end":{"line":4,"column":84}},"3":{"start":{"line":5,"column":18},"end":{"line":5,"column":37}},"4":{"start":{"line":6,"column":25},"end":{"line":6,"column":80}},"5":{"start":{"line":7,"column":2},"end":{"line":7,"column":24}}},"fnMap":{"0":{"name":"calculateDaysBetween","decl":{"start":{"line":1,"column":16},"end":{"line":1,"column":36}},"loc":{"start":{"line":1,"column":67},"end":{"line":8,"column":1}}}},"branchMap":{},"s":{"0":2,"1":27,"2":27,"3":27,"4":27,"5":27},"f":{"0":27},"b":{}}
}
