TN:
SF:src\application\services\quizz.service.ts
FN:10,isCardForToday
FN:16,isQuizzTodayDone
FN:17,(anonymous_10)
FN:23,getCardsForTodayService
FN:31,(anonymous_13)
FN:42,awnserToCardService
FNF:6
FNH:3
FNDA:17,isCardForToday
FNDA:2,isQuizzTodayDone
FNDA:10,(anonymous_10)
FNDA:0,getCardsForTodayService
FNDA:0,(anonymous_13)
FNDA:0,awnserToCardService
DA:3,1
DA:4,1
DA:5,1
DA:6,1
DA:7,1
DA:8,1
DA:10,1
DA:11,17
DA:12,17
DA:13,17
DA:16,1
DA:17,10
DA:18,2
DA:19,2
DA:20,2
DA:23,1
DA:24,0
DA:25,0
DA:27,0
DA:28,0
DA:31,0
DA:32,0
DA:35,0
DA:36,0
DA:38,0
DA:42,1
DA:43,0
DA:44,0
DA:45,0
DA:46,0
DA:49,0
DA:50,0
DA:53,0
DA:55,0
DA:56,0
DA:59,0
DA:62,0
DA:63,0
DA:65,0
LF:39
LH:17
BRDA:18,0,0,0
BRDA:18,0,1,2
BRDA:18,1,0,2
BRDA:18,1,1,2
BRDA:27,2,0,0
BRDA:35,3,0,0
BRDA:45,4,0,0
BRDA:49,5,0,0
BRDA:53,6,0,0
BRDA:53,6,1,0
BRDA:55,7,0,0
BRDA:62,8,0,0
BRDA:62,9,0,0
BRDA:62,9,1,0
BRF:14
BRH:3
end_of_record
TN:
SF:src\domain\validations\card.validation.ts
FNF:0
FNH:0
DA:1,1
DA:2,1
DA:4,1
DA:11,1
LF:4
LH:4
BRF:0
BRH:0
end_of_record
TN:
SF:src\domain\validations\user.validation.ts
FNF:0
FNH:0
DA:1,1
DA:3,1
DA:9,1
LF:3
LH:3
BRF:0
BRH:0
end_of_record
TN:
SF:src\domain\value-objects\category.ts
FN:1,(anonymous_0)
FNF:1
FNH:1
FNDA:6,(anonymous_0)
DA:1,6
DA:2,6
DA:3,6
DA:4,6
DA:5,6
DA:6,6
DA:7,6
DA:8,6
DA:9,6
DA:14,6
LF:10
LH:10
BRDA:1,0,0,6
BRDA:1,0,1,6
BRF:2
BRH:2
end_of_record
TN:
SF:src\infrastructure\database.ts
FN:28,(anonymous_8)
FN:28,(anonymous_9)
FNF:2
FNH:0
FNDA:0,(anonymous_8)
FNDA:0,(anonymous_9)
DA:1,6
DA:2,6
DA:4,6
DA:6,6
DA:7,6
DA:8,6
DA:9,6
DA:10,6
DA:12,6
DA:28,6
DA:29,0
DA:30,0
DA:31,0
DA:32,0
DA:35,0
LF:15
LH:10
BRF:0
BRH:0
end_of_record
TN:
SF:src\infrastructure\repositories\card-user-data.repository.ts
FN:6,(anonymous_8)
FN:8,(anonymous_9)
FN:15,(anonymous_10)
FNF:3
FNH:3
FNDA:1,(anonymous_8)
FNDA:1,(anonymous_9)
FNDA:8,(anonymous_10)
DA:1,1
DA:9,1
DA:10,1
DA:12,1
DA:16,8
DA:17,8
DA:20,8
DA:25,1
LF:8
LH:8
BRDA:9,0,0,1
BRF:1
BRH:1
end_of_record
TN:
SF:src\infrastructure\repositories\card.repository.ts
FN:7,(anonymous_8)
FN:9,(anonymous_9)
FN:16,(anonymous_10)
FN:26,(anonymous_12)
FN:34,(anonymous_14)
FN:42,(anonymous_16)
FN:55,(anonymous_18)
FNF:7
FNH:3
FNDA:2,(anonymous_8)
FNDA:2,(anonymous_9)
FNDA:0,(anonymous_10)
FNDA:0,(anonymous_12)
FNDA:15,(anonymous_14)
FNDA:0,(anonymous_16)
FNDA:0,(anonymous_18)
DA:1,2
DA:2,2
DA:10,2
DA:11,2
DA:13,2
DA:17,0
DA:18,0
DA:22,0
DA:27,0
DA:28,0
DA:30,0
DA:35,15
DA:36,15
DA:38,15
DA:43,0
DA:44,0
DA:45,0
DA:46,0
DA:48,0
DA:49,0
DA:51,0
DA:56,0
DA:57,0
DA:58,0
DA:59,0
DA:61,0
DA:62,0
DA:63,0
DA:65,0
DA:70,2
LF:30
LH:9
BRDA:10,0,0,2
BRDA:19,1,0,0
BRDA:19,1,1,0
BRDA:45,2,0,0
BRDA:58,3,0,0
BRF:5
BRH:1
end_of_record
TN:
SF:src\infrastructure\repositories\user.repository.ts
FN:6,(anonymous_8)
FN:8,(anonymous_9)
FN:15,(anonymous_10)
FN:23,(anonymous_12)
FN:31,(anonymous_14)
FN:39,(anonymous_16)
FNF:6
FNH:3
FNDA:1,(anonymous_8)
FNDA:1,(anonymous_9)
FNDA:0,(anonymous_10)
FNDA:0,(anonymous_12)
FNDA:0,(anonymous_14)
FNDA:14,(anonymous_16)
DA:1,1
DA:9,1
DA:10,1
DA:12,1
DA:16,0
DA:17,0
DA:19,0
DA:24,0
DA:25,0
DA:27,0
DA:32,0
DA:33,0
DA:35,0
DA:40,14
DA:41,14
DA:43,14
DA:48,1
LF:17
LH:8
BRDA:9,0,0,1
BRF:1
BRH:1
end_of_record
TN:
SF:src\infrastructure\schemas\card-user-data.schema.ts
FNF:0
FNH:0
DA:1,1
DA:2,1
DA:3,1
DA:4,1
DA:11,1
DA:41,1
DA:47,1
DA:53,1
LF:8
LH:8
BRF:0
BRH:0
end_of_record
TN:
SF:src\infrastructure\schemas\card.schema.ts
FNF:0
FNH:0
DA:1,4
DA:2,4
DA:3,4
DA:15,4
DA:92,4
LF:5
LH:5
BRF:0
BRH:0
end_of_record
TN:
SF:src\infrastructure\schemas\user.schema.ts
FNF:0
FNH:0
DA:1,3
DA:2,3
DA:13,3
DA:78,3
LF:4
LH:4
BRF:0
BRH:0
end_of_record
TN:
SF:src\shared\mappers\card.mapper.ts
FN:5,(anonymous_8)
FN:15,(anonymous_9)
FN:19,(anonymous_10)
FN:29,(anonymous_12)
FN:30,(anonymous_14)
FNF:5
FNH:5
FNDA:4,(anonymous_8)
FNDA:1,(anonymous_9)
FNDA:4,(anonymous_10)
FNDA:1,(anonymous_12)
FNDA:3,(anonymous_14)
DA:1,2
DA:4,2
DA:6,4
DA:16,1
DA:20,4
DA:30,3
DA:34,2
LF:7
LH:7
BRF:0
BRH:0
end_of_record
TN:
SF:src\shared\mappers\user.mapper.ts
FN:5,(anonymous_8)
FN:14,(anonymous_9)
FN:18,(anonymous_10)
FN:27,(anonymous_12)
FN:28,(anonymous_14)
FNF:5
FNH:5
FNDA:4,(anonymous_8)
FNDA:1,(anonymous_9)
FNDA:4,(anonymous_10)
FNDA:1,(anonymous_12)
FNDA:3,(anonymous_14)
DA:1,1
DA:4,1
DA:6,4
DA:15,1
DA:19,4
DA:28,3
DA:32,1
LF:7
LH:7
BRF:0
BRH:0
end_of_record
TN:
SF:src\shared\utils\category-utils.ts
FN:3,(anonymous_1)
FN:32,(anonymous_2)
FN:36,(anonymous_3)
FNF:3
FNH:3
FNDA:17,(anonymous_1)
FNDA:8,(anonymous_2)
FNDA:28,(anonymous_3)
DA:1,2
DA:3,2
DA:4,17
DA:6,3
DA:9,2
DA:12,2
DA:15,2
DA:18,2
DA:21,2
DA:24,2
DA:27,2
DA:32,2
DA:33,8
DA:34,1
DA:36,28
DA:37,7
DA:38,7
DA:41,2
LF:18
LH:18
BRDA:4,0,0,3
BRDA:4,0,1,2
BRDA:4,0,2,2
BRDA:4,0,3,2
BRDA:4,0,4,2
BRDA:4,0,5,2
BRDA:4,0,6,2
BRDA:4,0,7,2
BRDA:33,1,0,1
BRF:9
BRH:9
end_of_record
TN:
SF:src\shared\utils\date.ts
FN:1,calculateDaysBetween
FNF:1
FNH:1
FNDA:27,calculateDaysBetween
DA:1,2
DA:3,27
DA:4,27
DA:5,27
DA:6,27
DA:7,27
LF:6
LH:6
BRF:0
BRH:0
end_of_record
